Start testing: May 10 21:59 Eastern Daylight Time
----------------------------------------------------------
1/8 Testing: test_event_queue
1/8 Test: test_event_queue
Command: "C:/Users/Iftekhar Alam/Desktop/Projects/backtesting project/quant_backtester/build/tests/Debug/test_event_queue.exe"
Directory: C:/Users/Iftekhar Alam/Desktop/Projects/backtesting project/quant_backtester/build/tests
"test_event_queue" start time: May 10 21:59 Eastern Daylight Time
Output:
----------------------------------------------------------
===============================================================================
All tests passed (9 assertions in 3 test cases)

<end of output>
Test time =   0.04 sec
----------------------------------------------------------
Test Passed.
"test_event_queue" end time: May 10 21:59 Eastern Daylight Time
"test_event_queue" time elapsed: 00:00:00
----------------------------------------------------------

2/8 Testing: test_data_normalizer
2/8 Test: test_data_normalizer
Command: "C:/Users/Iftekhar Alam/Desktop/Projects/backtesting project/quant_backtester/build/tests/Debug/test_data_normalizer.exe"
Directory: C:/Users/Iftekhar Alam/Desktop/Projects/backtesting project/quant_backtester/build/tests
"test_data_normalizer" start time: May 10 21:59 Eastern Daylight Time
Output:
----------------------------------------------------------
===============================================================================
All tests passed (6 assertions in 3 test cases)

<end of output>
Test time =   0.03 sec
----------------------------------------------------------
Test Passed.
"test_data_normalizer" end time: May 10 21:59 Eastern Daylight Time
"test_data_normalizer" time elapsed: 00:00:00
----------------------------------------------------------

3/8 Testing: test_execution_partial_fills
3/8 Test: test_execution_partial_fills
Command: "C:/Users/Iftekhar Alam/Desktop/Projects/backtesting project/quant_backtester/build/tests/Debug/test_execution_partial_fills.exe"
Directory: C:/Users/Iftekhar Alam/Desktop/Projects/backtesting project/quant_backtester/build/tests
"test_execution_partial_fills" start time: May 10 21:59 Eastern Daylight Time
Output:
----------------------------------------------------------
===============================================================================
All tests passed (11 assertions in 4 test cases)

<end of output>
Test time =   0.03 sec
----------------------------------------------------------
Test Passed.
"test_execution_partial_fills" end time: May 10 21:59 Eastern Daylight Time
"test_execution_partial_fills" time elapsed: 00:00:00
----------------------------------------------------------

4/8 Testing: test_oms_pipeline
4/8 Test: test_oms_pipeline
Command: "C:/Users/Iftekhar Alam/Desktop/Projects/backtesting project/quant_backtester/build/tests/Debug/test_oms_pipeline.exe"
Directory: C:/Users/Iftekhar Alam/Desktop/Projects/backtesting project/quant_backtester/build/tests
"test_oms_pipeline" start time: May 10 21:59 Eastern Daylight Time
Output:
----------------------------------------------------------
===============================================================================
All tests passed (10 assertions in 4 test cases)

<end of output>
Test time =   0.03 sec
----------------------------------------------------------
Test Passed.
"test_oms_pipeline" end time: May 10 21:59 Eastern Daylight Time
"test_oms_pipeline" time elapsed: 00:00:00
----------------------------------------------------------

5/8 Testing: test_performance_metrics
5/8 Test: test_performance_metrics
Command: "C:/Users/Iftekhar Alam/Desktop/Projects/backtesting project/quant_backtester/build/tests/Debug/test_performance_metrics.exe"
Directory: C:/Users/Iftekhar Alam/Desktop/Projects/backtesting project/quant_backtester/build/tests
"test_performance_metrics" start time: May 10 21:59 Eastern Daylight Time
Output:
----------------------------------------------------------
===============================================================================
All tests passed (6 assertions in 3 test cases)

<end of output>
Test time =   0.03 sec
----------------------------------------------------------
Test Passed.
"test_performance_metrics" end time: May 10 21:59 Eastern Daylight Time
"test_performance_metrics" time elapsed: 00:00:00
----------------------------------------------------------

6/8 Testing: test_portfolio
6/8 Test: test_portfolio
Command: "C:/Users/Iftekhar Alam/Desktop/Projects/backtesting project/quant_backtester/build/tests/Debug/test_portfolio.exe"
Directory: C:/Users/Iftekhar Alam/Desktop/Projects/backtesting project/quant_backtester/build/tests
"test_portfolio" start time: May 10 21:59 Eastern Daylight Time
Output:
----------------------------------------------------------
===============================================================================
All tests passed (6 assertions in 4 test cases)

<end of output>
Test time =   0.03 sec
----------------------------------------------------------
Test Passed.
"test_portfolio" end time: May 10 21:59 Eastern Daylight Time
"test_portfolio" time elapsed: 00:00:00
----------------------------------------------------------

7/8 Testing: test_full_backtest
7/8 Test: test_full_backtest
Command: "C:/Users/Iftekhar Alam/Desktop/Projects/backtesting project/quant_backtester/build/tests/Debug/test_full_backtest.exe"
Directory: C:/Users/Iftekhar Alam/Desktop/Projects/backtesting project/quant_backtester/build/tests
"test_full_backtest" start time: May 10 21:59 Eastern Daylight Time
Output:
----------------------------------------------------------
===============================================================================
All tests passed (3 assertions in 2 test cases)

<end of output>
Test time =   0.04 sec
----------------------------------------------------------
Test Passed.
"test_full_backtest" end time: May 10 21:59 Eastern Daylight Time
"test_full_backtest" time elapsed: 00:00:00
----------------------------------------------------------

8/8 Testing: test_replay_determinism
8/8 Test: test_replay_determinism
Command: "C:/Users/Iftekhar Alam/Desktop/Projects/backtesting project/quant_backtester/build/tests/Debug/test_replay_determinism.exe"
Directory: C:/Users/Iftekhar Alam/Desktop/Projects/backtesting project/quant_backtester/build/tests
"test_replay_determinism" start time: May 10 21:59 Eastern Daylight Time
Output:
----------------------------------------------------------
===============================================================================
All tests passed (8 assertions in 1 test case)

<end of output>
Test time =   0.04 sec
----------------------------------------------------------
Test Passed.
"test_replay_determinism" end time: May 10 21:59 Eastern Daylight Time
"test_replay_determinism" time elapsed: 00:00:00
----------------------------------------------------------

End testing: May 10 21:59 Eastern Daylight Time
